<?xml version="1.0" encoding="UTF-8"?>
<coverage generated="1640597119913" clover="3.2.0">
  <project timestamp="1640597119913" name="All files">
    <metrics statements="57" coveredstatements="57" conditionals="4" coveredconditionals="4" methods="16" coveredmethods="16" elements="77" coveredelements="77" complexity="0" loc="57" ncloc="57" packages="1" files="3" classes="3"/>
    <file name="FN.js" path="/home/johan/projects/cuddly-computing-machine/src/base/FN.js">
      <metrics statements="17" coveredstatements="17" conditionals="2" coveredconditionals="2" methods="7" coveredmethods="7"/>
      <line num="3" count="3" type="stmt"/>
      <line num="4" count="3" type="stmt"/>
      <line num="5" count="3" type="stmt"/>
      <line num="6" count="11" type="stmt"/>
      <line num="7" count="11" type="stmt"/>
      <line num="8" count="33" type="cond" truecount="2" falsecount="0"/>
      <line num="12" count="11" type="stmt"/>
      <line num="13" count="28" type="stmt"/>
      <line num="14" count="28" type="stmt"/>
      <line num="17" count="11" type="stmt"/>
      <line num="18" count="11" type="stmt"/>
      <line num="19" count="11" type="stmt"/>
      <line num="23" count="11" type="stmt"/>
      <line num="30" count="3" type="stmt"/>
      <line num="31" count="21" type="stmt"/>
      <line num="34" count="3" type="stmt"/>
      <line num="35" count="4" type="stmt"/>
    </file>
    <file name="FNStepper.js" path="/home/johan/projects/cuddly-computing-machine/src/base/FNStepper.js">
      <metrics statements="25" coveredstatements="25" conditionals="2" coveredconditionals="2" methods="5" coveredmethods="5"/>
      <line num="8" count="1" type="stmt"/>
      <line num="9" count="7" type="stmt"/>
      <line num="10" count="7" type="stmt"/>
      <line num="11" count="7" type="stmt"/>
      <line num="13" count="7" type="stmt"/>
      <line num="28" count="7" type="stmt"/>
      <line num="31" count="1" type="stmt"/>
      <line num="32" count="20" type="stmt"/>
      <line num="35" count="1" type="stmt"/>
      <line num="36" count="2" type="stmt"/>
      <line num="39" count="1" type="stmt"/>
      <line num="40" count="15" type="cond" truecount="2" falsecount="0"/>
      <line num="41" count="2" type="stmt"/>
      <line num="44" count="13" type="stmt"/>
      <line num="45" count="13" type="stmt"/>
      <line num="46" count="13" type="stmt"/>
      <line num="47" count="13" type="stmt"/>
      <line num="52" count="1" type="stmt"/>
      <line num="53" count="1" type="stmt"/>
      <line num="54" count="1" type="stmt"/>
      <line num="57" count="1" type="stmt"/>
      <line num="58" count="1" type="stmt"/>
      <line num="59" count="6" type="stmt"/>
      <line num="60" count="6" type="stmt"/>
      <line num="63" count="1" type="stmt"/>
    </file>
    <file name="FN_Linear.js" path="/home/johan/projects/cuddly-computing-machine/src/base/FN_Linear.js">
      <metrics statements="15" coveredstatements="15" conditionals="0" coveredconditionals="0" methods="4" coveredmethods="4"/>
      <line num="8" count="1" type="stmt"/>
      <line num="9" count="1" type="stmt"/>
      <line num="10" count="5" type="stmt"/>
      <line num="11" count="4" type="stmt"/>
      <line num="12" count="4" type="stmt"/>
      <line num="13" count="4" type="stmt"/>
      <line num="15" count="4" type="stmt"/>
      <line num="17" count="5" type="stmt"/>
      <line num="18" count="2" type="stmt"/>
      <line num="19" count="2" type="stmt"/>
      <line num="20" count="2" type="stmt"/>
      <line num="22" count="2" type="stmt"/>
      <line num="25" count="5" type="stmt"/>
      <line num="30" count="5" type="stmt"/>
      <line num="31" count="5" type="stmt"/>
    </file>
  </project>
</coverage>
