{"/home/johan/projects/cuddly-computing-machine/src/base/FN.js": {"path":"/home/johan/projects/cuddly-computing-machine/src/base/FN.js","statementMap":{"0":{"start":{"line":3,"column":22},"end":{"line":3,"column":37}},"1":{"start":{"line":4,"column":9},"end":{"line":37,"column":1}},"2":{"start":{"line":5,"column":4},"end":{"line":28,"column":5}},"3":{"start":{"line":6,"column":19},"end":{"line":6,"column":21}},"4":{"start":{"line":7,"column":8},"end":{"line":9,"column":10}},"5":{"start":{"line":8,"column":12},"end":{"line":8,"column":87}},"6":{"start":{"line":12,"column":24},"end":{"line":15,"column":9}},"7":{"start":{"line":13,"column":12},"end":{"line":13,"column":23}},"8":{"start":{"line":14,"column":12},"end":{"line":14,"column":28}},"9":{"start":{"line":17,"column":32},"end":{"line":20,"column":9}},"10":{"start":{"line":18,"column":12},"end":{"line":18,"column":23}},"11":{"start":{"line":19,"column":12},"end":{"line":19,"column":33}},"12":{"start":{"line":23,"column":8},"end":{"line":27,"column":9}},"13":{"start":{"line":30,"column":4},"end":{"line":32,"column":5}},"14":{"start":{"line":31,"column":8},"end":{"line":31,"column":28}},"15":{"start":{"line":34,"column":4},"end":{"line":36,"column":5}},"16":{"start":{"line":35,"column":8},"end":{"line":35,"column":33}}},"fnMap":{"0":{"name":"(anonymous_0)","decl":{"start":{"line":4,"column":13},"end":{"line":4,"column":14}},"loc":{"start":{"line":4,"column":24},"end":{"line":37,"column":1}},"line":4},"1":{"name":"(anonymous_1)","decl":{"start":{"line":5,"column":18},"end":{"line":5,"column":19}},"loc":{"start":{"line":5,"column":45},"end":{"line":28,"column":5}},"line":5},"2":{"name":"(anonymous_2)","decl":{"start":{"line":7,"column":27},"end":{"line":7,"column":28}},"loc":{"start":{"line":7,"column":40},"end":{"line":9,"column":9}},"line":7},"3":{"name":"(anonymous_3)","decl":{"start":{"line":12,"column":24},"end":{"line":12,"column":25}},"loc":{"start":{"line":12,"column":31},"end":{"line":15,"column":9}},"line":12},"4":{"name":"(anonymous_4)","decl":{"start":{"line":17,"column":32},"end":{"line":17,"column":33}},"loc":{"start":{"line":17,"column":39},"end":{"line":20,"column":9}},"line":17},"5":{"name":"(anonymous_5)","decl":{"start":{"line":30,"column":15},"end":{"line":30,"column":16}},"loc":{"start":{"line":30,"column":29},"end":{"line":32,"column":5}},"line":30},"6":{"name":"(anonymous_6)","decl":{"start":{"line":34,"column":23},"end":{"line":34,"column":24}},"loc":{"start":{"line":34,"column":37},"end":{"line":36,"column":5}},"line":34}},"branchMap":{"0":{"loc":{"start":{"line":8,"column":35},"end":{"line":8,"column":86}},"type":"cond-expr","locations":[{"start":{"line":8,"column":66},"end":{"line":8,"column":70}},{"start":{"line":8,"column":71},"end":{"line":8,"column":86}}],"line":8}},"s":{"0":3,"1":3,"2":3,"3":11,"4":11,"5":33,"6":11,"7":28,"8":28,"9":11,"10":11,"11":11,"12":11,"13":3,"14":21,"15":3,"16":4},"f":{"0":3,"1":11,"2":33,"3":28,"4":11,"5":21,"6":4},"b":{"0":[4,29]},"_coverageSchema":"1a1c01bbd47fc00a2c39e90264f33305004495a9","hash":"80eb8850d46d942aaa02e42b626ade06f9439abd"}
,"/home/johan/projects/cuddly-computing-machine/src/base/FNStepper.js": {"path":"/home/johan/projects/cuddly-computing-machine/src/base/FNStepper.js","statementMap":{"0":{"start":{"line":8,"column":15},"end":{"line":29,"column":1}},"1":{"start":{"line":9,"column":17},"end":{"line":9,"column":30}},"2":{"start":{"line":10,"column":15},"end":{"line":10,"column":31}},"3":{"start":{"line":11,"column":18},"end":{"line":11,"column":39}},"4":{"start":{"line":13,"column":16},"end":{"line":26,"column":5}},"5":{"start":{"line":28,"column":4},"end":{"line":28,"column":23}},"6":{"start":{"line":31,"column":13},"end":{"line":33,"column":1}},"7":{"start":{"line":32,"column":4},"end":{"line":32,"column":36}},"8":{"start":{"line":35,"column":14},"end":{"line":37,"column":1}},"9":{"start":{"line":36,"column":4},"end":{"line":36,"column":64}},"10":{"start":{"line":39,"column":13},"end":{"line":48,"column":1}},"11":{"start":{"line":40,"column":4},"end":{"line":42,"column":5}},"12":{"start":{"line":41,"column":8},"end":{"line":41,"column":28}},"13":{"start":{"line":44,"column":4},"end":{"line":44,"column":27}},"14":{"start":{"line":45,"column":4},"end":{"line":45,"column":70}},"15":{"start":{"line":46,"column":4},"end":{"line":46,"column":55}},"16":{"start":{"line":47,"column":4},"end":{"line":47,"column":22}},"17":{"start":{"line":52,"column":12},"end":{"line":64,"column":1}},"18":{"start":{"line":53,"column":18},"end":{"line":53,"column":20}},"19":{"start":{"line":54,"column":21},"end":{"line":54,"column":33}},"20":{"start":{"line":57,"column":4},"end":{"line":57,"column":48}},"21":{"start":{"line":58,"column":4},"end":{"line":61,"column":5}},"22":{"start":{"line":59,"column":8},"end":{"line":59,"column":35}},"23":{"start":{"line":60,"column":8},"end":{"line":60,"column":51}},"24":{"start":{"line":63,"column":4},"end":{"line":63,"column":19}}},"fnMap":{"0":{"name":"(anonymous_0)","decl":{"start":{"line":8,"column":15},"end":{"line":8,"column":16}},"loc":{"start":{"line":8,"column":41},"end":{"line":29,"column":1}},"line":8},"1":{"name":"(anonymous_1)","decl":{"start":{"line":31,"column":13},"end":{"line":31,"column":14}},"loc":{"start":{"line":31,"column":24},"end":{"line":33,"column":1}},"line":31},"2":{"name":"(anonymous_2)","decl":{"start":{"line":35,"column":14},"end":{"line":35,"column":15}},"loc":{"start":{"line":35,"column":25},"end":{"line":37,"column":1}},"line":35},"3":{"name":"(anonymous_3)","decl":{"start":{"line":39,"column":13},"end":{"line":39,"column":14}},"loc":{"start":{"line":39,"column":24},"end":{"line":48,"column":1}},"line":39},"4":{"name":"(anonymous_4)","decl":{"start":{"line":52,"column":12},"end":{"line":52,"column":13}},"loc":{"start":{"line":52,"column":25},"end":{"line":64,"column":1}},"line":52}},"branchMap":{"0":{"loc":{"start":{"line":40,"column":4},"end":{"line":42,"column":5}},"type":"if","locations":[{"start":{"line":40,"column":4},"end":{"line":42,"column":5}},{"start":{},"end":{}}],"line":40}},"s":{"0":1,"1":7,"2":7,"3":7,"4":7,"5":7,"6":1,"7":20,"8":1,"9":2,"10":1,"11":15,"12":2,"13":13,"14":13,"15":13,"16":13,"17":1,"18":1,"19":1,"20":1,"21":1,"22":6,"23":6,"24":1},"f":{"0":7,"1":20,"2":2,"3":15,"4":1},"b":{"0":[2,13]},"_coverageSchema":"1a1c01bbd47fc00a2c39e90264f33305004495a9","hash":"1d4f2ed0d44efd1f778dac7fd2d7c4b73009a92c"}
,"/home/johan/projects/cuddly-computing-machine/src/base/FN_Linear.js": {"path":"/home/johan/projects/cuddly-computing-machine/src/base/FN_Linear.js","statementMap":{"0":{"start":{"line":8,"column":16},"end":{"line":33,"column":1}},"1":{"start":{"line":9,"column":4},"end":{"line":32,"column":5}},"2":{"start":{"line":10,"column":20},"end":{"line":16,"column":9}},"3":{"start":{"line":11,"column":20},"end":{"line":11,"column":26}},"4":{"start":{"line":12,"column":20},"end":{"line":12,"column":26}},"5":{"start":{"line":13,"column":20},"end":{"line":13,"column":26}},"6":{"start":{"line":15,"column":12},"end":{"line":15,"column":26}},"7":{"start":{"line":17,"column":25},"end":{"line":23,"column":9}},"8":{"start":{"line":18,"column":20},"end":{"line":18,"column":26}},"9":{"start":{"line":19,"column":20},"end":{"line":19,"column":26}},"10":{"start":{"line":20,"column":20},"end":{"line":20,"column":26}},"11":{"start":{"line":22,"column":12},"end":{"line":22,"column":27}},"12":{"start":{"line":25,"column":25},"end":{"line":29,"column":9}},"13":{"start":{"line":30,"column":17},"end":{"line":30,"column":55}},"14":{"start":{"line":31,"column":8},"end":{"line":31,"column":18}}},"fnMap":{"0":{"name":"(anonymous_0)","decl":{"start":{"line":8,"column":20},"end":{"line":8,"column":21}},"loc":{"start":{"line":8,"column":31},"end":{"line":33,"column":1}},"line":8},"1":{"name":"(anonymous_1)","decl":{"start":{"line":9,"column":18},"end":{"line":9,"column":19}},"loc":{"start":{"line":9,"column":27},"end":{"line":32,"column":5}},"line":9},"2":{"name":"(anonymous_2)","decl":{"start":{"line":10,"column":20},"end":{"line":10,"column":21}},"loc":{"start":{"line":10,"column":30},"end":{"line":16,"column":9}},"line":10},"3":{"name":"(anonymous_3)","decl":{"start":{"line":17,"column":25},"end":{"line":17,"column":26}},"loc":{"start":{"line":17,"column":35},"end":{"line":23,"column":9}},"line":17}},"branchMap":{},"s":{"0":1,"1":1,"2":5,"3":4,"4":4,"5":4,"6":4,"7":5,"8":2,"9":2,"10":2,"11":2,"12":5,"13":5,"14":5},"f":{"0":1,"1":5,"2":4,"3":2},"b":{},"_coverageSchema":"1a1c01bbd47fc00a2c39e90264f33305004495a9","hash":"5649076063c2ce73a21b34ca375a9868861e2881"}
}
