{"/home/johan/projects/cuddly-computing-machine/src/base/FN.js": {"path":"/home/johan/projects/cuddly-computing-machine/src/base/FN.js","statementMap":{"0":{"start":{"line":3,"column":22},"end":{"line":3,"column":37}},"1":{"start":{"line":4,"column":9},"end":{"line":37,"column":1}},"2":{"start":{"line":5,"column":4},"end":{"line":28,"column":5}},"3":{"start":{"line":6,"column":19},"end":{"line":6,"column":21}},"4":{"start":{"line":7,"column":8},"end":{"line":9,"column":10}},"5":{"start":{"line":8,"column":12},"end":{"line":8,"column":102}},"6":{"start":{"line":11,"column":24},"end":{"line":14,"column":9}},"7":{"start":{"line":12,"column":12},"end":{"line":12,"column":23}},"8":{"start":{"line":13,"column":12},"end":{"line":13,"column":28}},"9":{"start":{"line":16,"column":32},"end":{"line":19,"column":9}},"10":{"start":{"line":17,"column":12},"end":{"line":17,"column":23}},"11":{"start":{"line":18,"column":12},"end":{"line":18,"column":33}},"12":{"start":{"line":22,"column":8},"end":{"line":27,"column":9}},"13":{"start":{"line":30,"column":4},"end":{"line":32,"column":5}},"14":{"start":{"line":31,"column":8},"end":{"line":31,"column":28}},"15":{"start":{"line":34,"column":4},"end":{"line":36,"column":5}},"16":{"start":{"line":35,"column":8},"end":{"line":35,"column":33}}},"fnMap":{"0":{"name":"(anonymous_0)","decl":{"start":{"line":4,"column":13},"end":{"line":4,"column":14}},"loc":{"start":{"line":4,"column":24},"end":{"line":37,"column":1}},"line":4},"1":{"name":"(anonymous_1)","decl":{"start":{"line":5,"column":18},"end":{"line":5,"column":19}},"loc":{"start":{"line":5,"column":62},"end":{"line":28,"column":5}},"line":5},"2":{"name":"(anonymous_2)","decl":{"start":{"line":7,"column":27},"end":{"line":7,"column":28}},"loc":{"start":{"line":7,"column":40},"end":{"line":9,"column":9}},"line":7},"3":{"name":"(anonymous_3)","decl":{"start":{"line":11,"column":24},"end":{"line":11,"column":25}},"loc":{"start":{"line":11,"column":31},"end":{"line":14,"column":9}},"line":11},"4":{"name":"(anonymous_4)","decl":{"start":{"line":16,"column":32},"end":{"line":16,"column":33}},"loc":{"start":{"line":16,"column":39},"end":{"line":19,"column":9}},"line":16},"5":{"name":"(anonymous_5)","decl":{"start":{"line":30,"column":15},"end":{"line":30,"column":16}},"loc":{"start":{"line":30,"column":29},"end":{"line":32,"column":5}},"line":30},"6":{"name":"(anonymous_6)","decl":{"start":{"line":34,"column":23},"end":{"line":34,"column":24}},"loc":{"start":{"line":34,"column":37},"end":{"line":36,"column":5}},"line":34}},"branchMap":{"0":{"loc":{"start":{"line":8,"column":35},"end":{"line":8,"column":101}},"type":"cond-expr","locations":[{"start":{"line":8,"column":64},"end":{"line":8,"column":68}},{"start":{"line":8,"column":69},"end":{"line":8,"column":101}}],"line":8}},"s":{"0":4,"1":4,"2":4,"3":17,"4":17,"5":45,"6":17,"7":25,"8":25,"9":17,"10":22,"11":22,"12":17,"13":4,"14":25,"15":4,"16":6},"f":{"0":4,"1":17,"2":45,"3":25,"4":22,"5":25,"6":6},"b":{"0":[17,28]},"_coverageSchema":"1a1c01bbd47fc00a2c39e90264f33305004495a9","hash":"8ae7a096f57b6d3f96ab7f9dd94c2383cc692991"}
,"/home/johan/projects/cuddly-computing-machine/src/base/FNStepper.js": {"path":"/home/johan/projects/cuddly-computing-machine/src/base/FNStepper.js","statementMap":{"0":{"start":{"line":10,"column":16},"end":{"line":73,"column":1}},"1":{"start":{"line":11,"column":4},"end":{"line":32,"column":5}},"2":{"start":{"line":12,"column":21},"end":{"line":12,"column":39}},"3":{"start":{"line":13,"column":19},"end":{"line":13,"column":35}},"4":{"start":{"line":14,"column":22},"end":{"line":14,"column":47}},"5":{"start":{"line":16,"column":20},"end":{"line":29,"column":9}},"6":{"start":{"line":31,"column":8},"end":{"line":31,"column":32}},"7":{"start":{"line":34,"column":4},"end":{"line":37,"column":5}},"8":{"start":{"line":35,"column":20},"end":{"line":35,"column":43}},"9":{"start":{"line":36,"column":8},"end":{"line":36,"column":78}},"10":{"start":{"line":39,"column":4},"end":{"line":41,"column":5}},"11":{"start":{"line":40,"column":8},"end":{"line":40,"column":40}},"12":{"start":{"line":43,"column":4},"end":{"line":45,"column":5}},"13":{"start":{"line":44,"column":8},"end":{"line":44,"column":76}},"14":{"start":{"line":47,"column":4},"end":{"line":56,"column":5}},"15":{"start":{"line":48,"column":8},"end":{"line":50,"column":9}},"16":{"start":{"line":49,"column":12},"end":{"line":49,"column":32}},"17":{"start":{"line":52,"column":8},"end":{"line":52,"column":31}},"18":{"start":{"line":53,"column":8},"end":{"line":53,"column":75}},"19":{"start":{"line":54,"column":8},"end":{"line":54,"column":59}},"20":{"start":{"line":55,"column":8},"end":{"line":55,"column":31}},"21":{"start":{"line":60,"column":4},"end":{"line":72,"column":5}},"22":{"start":{"line":61,"column":22},"end":{"line":61,"column":24}},"23":{"start":{"line":62,"column":25},"end":{"line":62,"column":35}},"24":{"start":{"line":65,"column":8},"end":{"line":65,"column":57}},"25":{"start":{"line":66,"column":8},"end":{"line":69,"column":9}},"26":{"start":{"line":67,"column":12},"end":{"line":67,"column":39}},"27":{"start":{"line":68,"column":12},"end":{"line":68,"column":60}},"28":{"start":{"line":71,"column":8},"end":{"line":71,"column":23}}},"fnMap":{"0":{"name":"(anonymous_0)","decl":{"start":{"line":10,"column":20},"end":{"line":10,"column":21}},"loc":{"start":{"line":10,"column":31},"end":{"line":73,"column":1}},"line":10},"1":{"name":"(anonymous_1)","decl":{"start":{"line":11,"column":18},"end":{"line":11,"column":19}},"loc":{"start":{"line":11,"column":47},"end":{"line":32,"column":5}},"line":11},"2":{"name":"(anonymous_2)","decl":{"start":{"line":34,"column":29},"end":{"line":34,"column":30}},"loc":{"start":{"line":34,"column":40},"end":{"line":37,"column":5}},"line":34},"3":{"name":"(anonymous_3)","decl":{"start":{"line":39,"column":16},"end":{"line":39,"column":17}},"loc":{"start":{"line":39,"column":27},"end":{"line":41,"column":5}},"line":39},"4":{"name":"(anonymous_4)","decl":{"start":{"line":43,"column":17},"end":{"line":43,"column":18}},"loc":{"start":{"line":43,"column":28},"end":{"line":45,"column":5}},"line":43},"5":{"name":"(anonymous_5)","decl":{"start":{"line":47,"column":16},"end":{"line":47,"column":17}},"loc":{"start":{"line":47,"column":27},"end":{"line":56,"column":5}},"line":47},"6":{"name":"(anonymous_6)","decl":{"start":{"line":60,"column":15},"end":{"line":60,"column":16}},"loc":{"start":{"line":60,"column":29},"end":{"line":72,"column":5}},"line":60}},"branchMap":{"0":{"loc":{"start":{"line":48,"column":8},"end":{"line":50,"column":9}},"type":"if","locations":[{"start":{"line":48,"column":8},"end":{"line":50,"column":9}},{"start":{},"end":{}}],"line":48}},"s":{"0":1,"1":1,"2":8,"3":8,"4":8,"5":8,"6":8,"7":1,"8":1,"9":1,"10":1,"11":21,"12":1,"13":2,"14":1,"15":15,"16":2,"17":13,"18":13,"19":13,"20":13,"21":1,"22":1,"23":1,"24":1,"25":1,"26":6,"27":6,"28":1},"f":{"0":1,"1":8,"2":1,"3":21,"4":2,"5":15,"6":1},"b":{"0":[2,13]},"_coverageSchema":"1a1c01bbd47fc00a2c39e90264f33305004495a9","hash":"300f014d3929cd63bda5103a623c08387d6ac103"}
,"/home/johan/projects/cuddly-computing-machine/src/base/FN_Linear.js": {"path":"/home/johan/projects/cuddly-computing-machine/src/base/FN_Linear.js","statementMap":{"0":{"start":{"line":8,"column":16},"end":{"line":35,"column":1}},"1":{"start":{"line":9,"column":4},"end":{"line":13,"column":6}},"2":{"start":{"line":15,"column":4},"end":{"line":34,"column":5}},"3":{"start":{"line":16,"column":20},"end":{"line":22,"column":9}},"4":{"start":{"line":17,"column":20},"end":{"line":17,"column":26}},"5":{"start":{"line":18,"column":20},"end":{"line":18,"column":26}},"6":{"start":{"line":19,"column":20},"end":{"line":19,"column":26}},"7":{"start":{"line":21,"column":12},"end":{"line":21,"column":26}},"8":{"start":{"line":23,"column":25},"end":{"line":29,"column":9}},"9":{"start":{"line":24,"column":20},"end":{"line":24,"column":26}},"10":{"start":{"line":25,"column":20},"end":{"line":25,"column":26}},"11":{"start":{"line":26,"column":20},"end":{"line":26,"column":26}},"12":{"start":{"line":28,"column":12},"end":{"line":28,"column":27}},"13":{"start":{"line":31,"column":31},"end":{"line":31,"column":36}},"14":{"start":{"line":32,"column":17},"end":{"line":32,"column":77}},"15":{"start":{"line":33,"column":8},"end":{"line":33,"column":18}}},"fnMap":{"0":{"name":"(anonymous_0)","decl":{"start":{"line":8,"column":20},"end":{"line":8,"column":21}},"loc":{"start":{"line":8,"column":31},"end":{"line":35,"column":1}},"line":8},"1":{"name":"(anonymous_1)","decl":{"start":{"line":15,"column":18},"end":{"line":15,"column":19}},"loc":{"start":{"line":15,"column":27},"end":{"line":34,"column":5}},"line":15},"2":{"name":"(anonymous_2)","decl":{"start":{"line":16,"column":20},"end":{"line":16,"column":21}},"loc":{"start":{"line":16,"column":30},"end":{"line":22,"column":9}},"line":16},"3":{"name":"(anonymous_3)","decl":{"start":{"line":23,"column":25},"end":{"line":23,"column":26}},"loc":{"start":{"line":23,"column":35},"end":{"line":29,"column":9}},"line":23}},"branchMap":{},"s":{"0":1,"1":1,"2":1,"3":5,"4":4,"5":4,"6":4,"7":4,"8":5,"9":2,"10":2,"11":2,"12":2,"13":5,"14":5,"15":5},"f":{"0":1,"1":5,"2":4,"3":2},"b":{},"_coverageSchema":"1a1c01bbd47fc00a2c39e90264f33305004495a9","hash":"9aa0f3d9e71454e966200db9855304fba7a60651"}
,"/home/johan/projects/cuddly-computing-machine/src/base/FN_Lookup.js": {"path":"/home/johan/projects/cuddly-computing-machine/src/base/FN_Lookup.js","statementMap":{"0":{"start":{"line":8,"column":16},"end":{"line":30,"column":1}},"1":{"start":{"line":9,"column":4},"end":{"line":12,"column":6}},"2":{"start":{"line":15,"column":4},"end":{"line":29,"column":5}},"3":{"start":{"line":16,"column":22},"end":{"line":20,"column":9}},"4":{"start":{"line":17,"column":20},"end":{"line":17,"column":26}},"5":{"start":{"line":18,"column":24},"end":{"line":18,"column":34}},"6":{"start":{"line":19,"column":12},"end":{"line":19,"column":28}},"7":{"start":{"line":21,"column":27},"end":{"line":25,"column":9}},"8":{"start":{"line":22,"column":20},"end":{"line":22,"column":26}},"9":{"start":{"line":23,"column":24},"end":{"line":23,"column":34}},"10":{"start":{"line":24,"column":12},"end":{"line":24,"column":36}},"11":{"start":{"line":26,"column":31},"end":{"line":26,"column":40}},"12":{"start":{"line":27,"column":17},"end":{"line":27,"column":77}},"13":{"start":{"line":28,"column":8},"end":{"line":28,"column":18}}},"fnMap":{"0":{"name":"(anonymous_0)","decl":{"start":{"line":8,"column":20},"end":{"line":8,"column":21}},"loc":{"start":{"line":8,"column":31},"end":{"line":30,"column":1}},"line":8},"1":{"name":"(anonymous_1)","decl":{"start":{"line":15,"column":18},"end":{"line":15,"column":19}},"loc":{"start":{"line":15,"column":29},"end":{"line":29,"column":5}},"line":15},"2":{"name":"(anonymous_2)","decl":{"start":{"line":16,"column":22},"end":{"line":16,"column":23}},"loc":{"start":{"line":16,"column":32},"end":{"line":20,"column":9}},"line":16},"3":{"name":"(anonymous_3)","decl":{"start":{"line":21,"column":27},"end":{"line":21,"column":28}},"loc":{"start":{"line":21,"column":37},"end":{"line":25,"column":9}},"line":21}},"branchMap":{},"s":{"0":2,"1":2,"2":2,"3":6,"4":4,"5":4,"6":4,"7":6,"8":4,"9":4,"10":4,"11":6,"12":6,"13":6},"f":{"0":2,"1":6,"2":4,"3":4},"b":{},"_coverageSchema":"1a1c01bbd47fc00a2c39e90264f33305004495a9","hash":"e0a09c93640dfd6e920d6ab9da9a8abaa9794a19"}
}
