TN:
SF:src/base/FN.js
FN:4,(anonymous_0)
FN:5,(anonymous_1)
FN:7,(anonymous_2)
FN:12,(anonymous_3)
FN:17,(anonymous_4)
FN:30,(anonymous_5)
FN:34,(anonymous_6)
FNF:7
FNH:7
FNDA:3,(anonymous_0)
FNDA:11,(anonymous_1)
FNDA:33,(anonymous_2)
FNDA:28,(anonymous_3)
FNDA:11,(anonymous_4)
FNDA:21,(anonymous_5)
FNDA:4,(anonymous_6)
DA:3,3
DA:4,3
DA:5,3
DA:6,11
DA:7,11
DA:8,33
DA:12,11
DA:13,28
DA:14,28
DA:17,11
DA:18,11
DA:19,11
DA:23,11
DA:30,3
DA:31,21
DA:34,3
DA:35,4
LF:17
LH:17
BRDA:8,0,0,4
BRDA:8,0,1,29
BRF:2
BRH:2
end_of_record
TN:
SF:src/base/FNStepper.js
FN:8,(anonymous_0)
FN:31,(anonymous_1)
FN:35,(anonymous_2)
FN:39,(anonymous_3)
FN:52,(anonymous_4)
FNF:5
FNH:5
FNDA:7,(anonymous_0)
FNDA:20,(anonymous_1)
FNDA:2,(anonymous_2)
FNDA:15,(anonymous_3)
FNDA:1,(anonymous_4)
DA:8,1
DA:9,7
DA:10,7
DA:11,7
DA:13,7
DA:28,7
DA:31,1
DA:32,20
DA:35,1
DA:36,2
DA:39,1
DA:40,15
DA:41,2
DA:44,13
DA:45,13
DA:46,13
DA:47,13
DA:52,1
DA:53,1
DA:54,1
DA:57,1
DA:58,1
DA:59,6
DA:60,6
DA:63,1
LF:25
LH:25
BRDA:40,0,0,2
BRDA:40,0,1,13
BRF:2
BRH:2
end_of_record
TN:
SF:src/base/FN_Linear.js
FN:8,(anonymous_0)
FN:9,(anonymous_1)
FN:10,(anonymous_2)
FN:17,(anonymous_3)
FNF:4
FNH:4
FNDA:1,(anonymous_0)
FNDA:5,(anonymous_1)
FNDA:4,(anonymous_2)
FNDA:2,(anonymous_3)
DA:8,1
DA:9,1
DA:10,5
DA:11,4
DA:12,4
DA:13,4
DA:15,4
DA:17,5
DA:18,2
DA:19,2
DA:20,2
DA:22,2
DA:25,5
DA:30,5
DA:31,5
LF:15
LH:15
BRF:0
BRH:0
end_of_record
