TN:
SF:src/base/FN.js
FN:4,(anonymous_0)
FN:5,(anonymous_1)
FN:7,(anonymous_2)
FN:12,(anonymous_3)
FN:17,(anonymous_4)
FN:30,(anonymous_5)
FN:34,(anonymous_6)
FNF:7
FNH:7
FNDA:4,(anonymous_0)
FNDA:17,(anonymous_1)
FNDA:45,(anonymous_2)
FNDA:25,(anonymous_3)
FNDA:22,(anonymous_4)
FNDA:25,(anonymous_5)
FNDA:6,(anonymous_6)
DA:3,4
DA:4,4
DA:5,4
DA:6,17
DA:7,17
DA:8,45
DA:12,17
DA:13,25
DA:14,25
DA:17,17
DA:18,22
DA:19,22
DA:23,17
DA:30,4
DA:31,25
DA:34,4
DA:35,6
LF:17
LH:17
BRDA:8,0,0,4
BRDA:8,0,1,41
BRF:2
BRH:2
end_of_record
TN:
SF:src/base/FNStepper.js
FN:10,(anonymous_0)
FN:11,(anonymous_1)
FN:34,(anonymous_2)
FN:39,(anonymous_3)
FN:43,(anonymous_4)
FN:47,(anonymous_5)
FN:60,(anonymous_6)
FNF:7
FNH:7
FNDA:1,(anonymous_0)
FNDA:8,(anonymous_1)
FNDA:1,(anonymous_2)
FNDA:21,(anonymous_3)
FNDA:2,(anonymous_4)
FNDA:15,(anonymous_5)
FNDA:1,(anonymous_6)
DA:10,1
DA:11,1
DA:12,8
DA:13,8
DA:14,8
DA:16,8
DA:31,8
DA:34,1
DA:35,1
DA:36,1
DA:39,1
DA:40,21
DA:43,1
DA:44,2
DA:47,1
DA:48,15
DA:49,2
DA:52,13
DA:53,13
DA:54,13
DA:55,13
DA:60,1
DA:61,1
DA:62,1
DA:65,1
DA:66,1
DA:67,6
DA:68,6
DA:71,1
LF:29
LH:29
BRDA:48,0,0,2
BRDA:48,0,1,13
BRF:2
BRH:2
end_of_record
TN:
SF:src/base/FN_Linear.js
FN:8,(anonymous_0)
FN:9,(anonymous_1)
FN:10,(anonymous_2)
FN:17,(anonymous_3)
FNF:4
FNH:4
FNDA:1,(anonymous_0)
FNDA:5,(anonymous_1)
FNDA:4,(anonymous_2)
FNDA:2,(anonymous_3)
DA:8,1
DA:9,1
DA:10,5
DA:11,4
DA:12,4
DA:13,4
DA:15,4
DA:17,5
DA:18,2
DA:19,2
DA:20,2
DA:22,2
DA:25,5
DA:30,5
DA:31,5
LF:15
LH:15
BRF:0
BRH:0
end_of_record
TN:
SF:src/base/FN_Lookup.js
FN:8,(anonymous_0)
FN:9,(anonymous_1)
FN:10,(anonymous_2)
FN:15,(anonymous_3)
FNF:4
FNH:4
FNDA:2,(anonymous_0)
FNDA:6,(anonymous_1)
FNDA:4,(anonymous_2)
FNDA:4,(anonymous_3)
DA:8,2
DA:9,2
DA:10,6
DA:11,4
DA:12,4
DA:13,4
DA:15,6
DA:16,4
DA:17,4
DA:18,4
DA:20,6
DA:24,6
DA:25,6
LF:13
LH:13
BRF:0
BRH:0
end_of_record
